<?xml version="1.0" encoding="UTF-8"?>
<coverage generated="1741872581034" clover="3.2.0">
  <project timestamp="1741872581034" name="All files">
    <metrics statements="49" coveredstatements="38" conditionals="27" coveredconditionals="12" methods="26" coveredmethods="18" elements="102" coveredelements="68" complexity="0" loc="49" ncloc="49" packages="9" files="16" classes="16"/>
    <package name="components">
      <metrics statements="0" coveredstatements="0" conditionals="0" coveredconditionals="0" methods="0" coveredmethods="0"/>
      <file name="index.js" path="D:\IT\Hillel\Lessons\lesson_33\my-react-app\src\components\index.js">
        <metrics statements="0" coveredstatements="0" conditionals="0" coveredconditionals="0" methods="0" coveredmethods="0"/>
      </file>
    </package>
    <package name="components.ErrorBoundary">
      <metrics statements="6" coveredstatements="0" conditionals="2" coveredconditionals="0" methods="2" coveredmethods="0"/>
      <file name="ErrorBoundary.jsx" path="D:\IT\Hillel\Lessons\lesson_33\my-react-app\src\components\ErrorBoundary\ErrorBoundary.jsx">
        <metrics statements="6" coveredstatements="0" conditionals="2" coveredconditionals="0" methods="2" coveredmethods="0"/>
        <line num="4" count="0" type="stmt"/>
        <line num="8" count="0" type="stmt"/>
        <line num="11" count="0" type="stmt"/>
        <line num="13" count="0" type="cond" truecount="0" falsecount="2"/>
        <line num="14" count="0" type="stmt"/>
        <line num="21" count="0" type="stmt"/>
      </file>
      <file name="index.js" path="D:\IT\Hillel\Lessons\lesson_33\my-react-app\src\components\ErrorBoundary\index.js">
        <metrics statements="0" coveredstatements="0" conditionals="0" coveredconditionals="0" methods="0" coveredmethods="0"/>
      </file>
    </package>
    <package name="components.Footer">
      <metrics statements="2" coveredstatements="2" conditionals="0" coveredconditionals="0" methods="1" coveredmethods="1"/>
      <file name="Footer.jsx" path="D:\IT\Hillel\Lessons\lesson_33\my-react-app\src\components\Footer\Footer.jsx">
        <metrics statements="2" coveredstatements="2" conditionals="0" coveredconditionals="0" methods="1" coveredmethods="1"/>
        <line num="5" count="8" type="stmt"/>
        <line num="7" count="8" type="stmt"/>
      </file>
      <file name="index.js" path="D:\IT\Hillel\Lessons\lesson_33\my-react-app\src\components\Footer\index.js">
        <metrics statements="0" coveredstatements="0" conditionals="0" coveredconditionals="0" methods="0" coveredmethods="0"/>
      </file>
    </package>
    <package name="components.Header">
      <metrics statements="2" coveredstatements="2" conditionals="0" coveredconditionals="0" methods="1" coveredmethods="1"/>
      <file name="Header.jsx" path="D:\IT\Hillel\Lessons\lesson_33\my-react-app\src\components\Header\Header.jsx">
        <metrics statements="2" coveredstatements="2" conditionals="0" coveredconditionals="0" methods="1" coveredmethods="1"/>
        <line num="7" count="8" type="stmt"/>
        <line num="8" count="8" type="stmt"/>
      </file>
      <file name="index.js" path="D:\IT\Hillel\Lessons\lesson_33\my-react-app\src\components\Header\index.js">
        <metrics statements="0" coveredstatements="0" conditionals="0" coveredconditionals="0" methods="0" coveredmethods="0"/>
      </file>
    </package>
    <package name="components.Header.ButtonTheme">
      <metrics statements="7" coveredstatements="5" conditionals="4" coveredconditionals="1" methods="3" coveredmethods="1"/>
      <file name="ButtonTheme.jsx" path="D:\IT\Hillel\Lessons\lesson_33\my-react-app\src\components\Header\ButtonTheme\ButtonTheme.jsx">
        <metrics statements="7" coveredstatements="5" conditionals="4" coveredconditionals="1" methods="3" coveredmethods="1"/>
        <line num="6" count="8" type="stmt"/>
        <line num="7" count="8" type="stmt"/>
        <line num="8" count="8" type="cond" truecount="1" falsecount="1"/>
        <line num="10" count="8" type="stmt"/>
        <line num="11" count="0" type="stmt"/>
        <line num="12" count="0" type="cond" truecount="0" falsecount="2"/>
        <line num="16" count="8" type="stmt"/>
      </file>
      <file name="index.js" path="D:\IT\Hillel\Lessons\lesson_33\my-react-app\src\components\Header\ButtonTheme\index.js">
        <metrics statements="0" coveredstatements="0" conditionals="0" coveredconditionals="0" methods="0" coveredmethods="0"/>
      </file>
    </package>
    <package name="components.Header.Navigation">
      <metrics statements="5" coveredstatements="5" conditionals="12" coveredconditionals="5" methods="4" coveredmethods="4"/>
      <file name="Navigation.jsx" path="D:\IT\Hillel\Lessons\lesson_33\my-react-app\src\components\Header\Navigation\Navigation.jsx">
        <metrics statements="5" coveredstatements="5" conditionals="12" coveredconditionals="5" methods="4" coveredmethods="4"/>
        <line num="5" count="9" type="stmt"/>
        <line num="7" count="9" type="stmt"/>
        <line num="14" count="9" type="cond" truecount="1" falsecount="3"/>
        <line num="24" count="9" type="cond" truecount="2" falsecount="2"/>
        <line num="34" count="9" type="cond" truecount="2" falsecount="2"/>
      </file>
      <file name="index.js" path="D:\IT\Hillel\Lessons\lesson_33\my-react-app\src\components\Header\Navigation\index.js">
        <metrics statements="0" coveredstatements="0" conditionals="0" coveredconditionals="0" methods="0" coveredmethods="0"/>
      </file>
    </package>
    <package name="components.PageLayout">
      <metrics statements="6" coveredstatements="3" conditionals="3" coveredconditionals="0" methods="4" coveredmethods="1"/>
      <file name="PageLayout.jsx" path="D:\IT\Hillel\Lessons\lesson_33\my-react-app\src\components\PageLayout\PageLayout.jsx">
        <metrics statements="6" coveredstatements="3" conditionals="3" coveredconditionals="0" methods="4" coveredmethods="1"/>
        <line num="6" count="0" type="cond" truecount="0" falsecount="1"/>
        <line num="7" count="0" type="cond" truecount="0" falsecount="1"/>
        <line num="8" count="0" type="cond" truecount="0" falsecount="1"/>
        <line num="10" count="8" type="stmt"/>
        <line num="11" count="8" type="stmt"/>
        <line num="13" count="8" type="stmt"/>
      </file>
      <file name="index.js" path="D:\IT\Hillel\Lessons\lesson_33\my-react-app\src\components\PageLayout\index.js">
        <metrics statements="0" coveredstatements="0" conditionals="0" coveredconditionals="0" methods="0" coveredmethods="0"/>
      </file>
    </package>
    <package name="context">
      <metrics statements="4" coveredstatements="4" conditionals="0" coveredconditionals="0" methods="1" coveredmethods="0"/>
      <file name="index.js" path="D:\IT\Hillel\Lessons\lesson_33\my-react-app\src\context\index.js">
        <metrics statements="0" coveredstatements="0" conditionals="0" coveredconditionals="0" methods="0" coveredmethods="0"/>
      </file>
      <file name="theme.context.jsx" path="D:\IT\Hillel\Lessons\lesson_33\my-react-app\src\context\theme.context.jsx">
        <metrics statements="4" coveredstatements="4" conditionals="0" coveredconditionals="0" methods="1" coveredmethods="0"/>
        <line num="3" count="1" type="stmt"/>
        <line num="4" count="1" type="stmt"/>
        <line num="6" count="1" type="stmt"/>
        <line num="11" count="1" type="stmt"/>
      </file>
    </package>
    <package name="pages.Main">
      <metrics statements="17" coveredstatements="17" conditionals="6" coveredconditionals="6" methods="10" coveredmethods="10"/>
      <file name="index.jsx" path="D:\IT\Hillel\Lessons\lesson_33\my-react-app\src\pages\Main\index.jsx">
        <metrics statements="17" coveredstatements="17" conditionals="6" coveredconditionals="6" methods="10" coveredmethods="10"/>
        <line num="6" count="8" type="stmt"/>
        <line num="7" count="8" type="stmt"/>
        <line num="8" count="8" type="stmt"/>
        <line num="11" count="2" type="stmt"/>
        <line num="14" count="1" type="stmt"/>
        <line num="20" count="3" type="cond" truecount="4" falsecount="0"/>
        <line num="21" count="1" type="stmt"/>
        <line num="22" count="1" type="stmt"/>
        <line num="24" count="2" type="stmt"/>
        <line num="25" count="2" type="stmt"/>
        <line num="26" count="2" type="stmt"/>
        <line num="30" count="1" type="stmt"/>
        <line num="33" count="8" type="stmt"/>
        <line num="35" count="8" type="stmt"/>
        <line num="37" count="8" type="stmt"/>
        <line num="44" count="2" type="stmt"/>
        <line num="49" count="8" type="stmt"/>
      </file>
    </package>
  </project>
</coverage>
