<?xml version="1.0" encoding="UTF-8"?>
<coverage generated="1741795168015" clover="3.2.0">
  <project timestamp="1741795168015" name="All files">
    <metrics statements="49" coveredstatements="26" conditionals="19" coveredconditionals="4" methods="26" coveredmethods="11" elements="94" coveredelements="41" complexity="0" loc="49" ncloc="49" packages="11" files="20" classes="20"/>
    <package name="components">
      <metrics statements="0" coveredstatements="0" conditionals="0" coveredconditionals="0" methods="0" coveredmethods="0"/>
      <file name="index.js" path="D:\IT\Hillel\Lessons\lesson_33\my-react-app\src\components\index.js">
        <metrics statements="0" coveredstatements="0" conditionals="0" coveredconditionals="0" methods="0" coveredmethods="0"/>
      </file>
    </package>
    <package name="components.ErrorBoundary">
      <metrics statements="6" coveredstatements="0" conditionals="2" coveredconditionals="0" methods="2" coveredmethods="0"/>
      <file name="ErrorBoundary.jsx" path="D:\IT\Hillel\Lessons\lesson_33\my-react-app\src\components\ErrorBoundary\ErrorBoundary.jsx">
        <metrics statements="6" coveredstatements="0" conditionals="2" coveredconditionals="0" methods="2" coveredmethods="0"/>
        <line num="4" count="0" type="stmt"/>
        <line num="8" count="0" type="stmt"/>
        <line num="11" count="0" type="stmt"/>
        <line num="13" count="0" type="cond" truecount="0" falsecount="2"/>
        <line num="14" count="0" type="stmt"/>
        <line num="21" count="0" type="stmt"/>
      </file>
      <file name="index.js" path="D:\IT\Hillel\Lessons\lesson_33\my-react-app\src\components\ErrorBoundary\index.js">
        <metrics statements="0" coveredstatements="0" conditionals="0" coveredconditionals="0" methods="0" coveredmethods="0"/>
      </file>
    </package>
    <package name="components.Footer">
      <metrics statements="2" coveredstatements="2" conditionals="0" coveredconditionals="0" methods="1" coveredmethods="1"/>
      <file name="Footer.jsx" path="D:\IT\Hillel\Lessons\lesson_33\my-react-app\src\components\Footer\Footer.jsx">
        <metrics statements="2" coveredstatements="2" conditionals="0" coveredconditionals="0" methods="1" coveredmethods="1"/>
        <line num="5" count="1" type="stmt"/>
        <line num="7" count="1" type="stmt"/>
      </file>
      <file name="index.js" path="D:\IT\Hillel\Lessons\lesson_33\my-react-app\src\components\Footer\index.js">
        <metrics statements="0" coveredstatements="0" conditionals="0" coveredconditionals="0" methods="0" coveredmethods="0"/>
      </file>
    </package>
    <package name="components.Header">
      <metrics statements="1" coveredstatements="1" conditionals="0" coveredconditionals="0" methods="1" coveredmethods="1"/>
      <file name="Header.jsx" path="D:\IT\Hillel\Lessons\lesson_33\my-react-app\src\components\Header\Header.jsx">
        <metrics statements="1" coveredstatements="1" conditionals="0" coveredconditionals="0" methods="1" coveredmethods="1"/>
        <line num="4" count="1" type="stmt"/>
      </file>
      <file name="index.js" path="D:\IT\Hillel\Lessons\lesson_33\my-react-app\src\components\Header\index.js">
        <metrics statements="0" coveredstatements="0" conditionals="0" coveredconditionals="0" methods="0" coveredmethods="0"/>
      </file>
    </package>
    <package name="components.Header.Navigation">
      <metrics statements="4" coveredstatements="4" conditionals="8" coveredconditionals="3" methods="3" coveredmethods="3"/>
      <file name="Navigation.jsx" path="D:\IT\Hillel\Lessons\lesson_33\my-react-app\src\components\Header\Navigation\Navigation.jsx">
        <metrics statements="4" coveredstatements="4" conditionals="8" coveredconditionals="3" methods="3" coveredmethods="3"/>
        <line num="5" count="1" type="stmt"/>
        <line num="7" count="1" type="stmt"/>
        <line num="14" count="1" type="cond" truecount="1" falsecount="3"/>
        <line num="24" count="1" type="cond" truecount="2" falsecount="2"/>
      </file>
      <file name="index.js" path="D:\IT\Hillel\Lessons\lesson_33\my-react-app\src\components\Header\Navigation\index.js">
        <metrics statements="0" coveredstatements="0" conditionals="0" coveredconditionals="0" methods="0" coveredmethods="0"/>
      </file>
    </package>
    <package name="components.Loader">
      <metrics statements="1" coveredstatements="0" conditionals="0" coveredconditionals="0" methods="1" coveredmethods="0"/>
      <file name="Loader.jsx" path="D:\IT\Hillel\Lessons\lesson_33\my-react-app\src\components\Loader\Loader.jsx">
        <metrics statements="1" coveredstatements="0" conditionals="0" coveredconditionals="0" methods="1" coveredmethods="0"/>
        <line num="2" count="0" type="stmt"/>
      </file>
      <file name="index.js" path="D:\IT\Hillel\Lessons\lesson_33\my-react-app\src\components\Loader\index.js">
        <metrics statements="0" coveredstatements="0" conditionals="0" coveredconditionals="0" methods="0" coveredmethods="0"/>
      </file>
    </package>
    <package name="components.PageLayout">
      <metrics statements="5" coveredstatements="2" conditionals="3" coveredconditionals="0" methods="4" coveredmethods="1"/>
      <file name="PageLayout.jsx" path="D:\IT\Hillel\Lessons\lesson_33\my-react-app\src\components\PageLayout\PageLayout.jsx">
        <metrics statements="5" coveredstatements="2" conditionals="3" coveredconditionals="0" methods="4" coveredmethods="1"/>
        <line num="4" count="0" type="cond" truecount="0" falsecount="1"/>
        <line num="5" count="0" type="cond" truecount="0" falsecount="1"/>
        <line num="6" count="0" type="cond" truecount="0" falsecount="1"/>
        <line num="8" count="1" type="stmt"/>
        <line num="10" count="1" type="stmt"/>
      </file>
      <file name="index.js" path="D:\IT\Hillel\Lessons\lesson_33\my-react-app\src\components\PageLayout\index.js">
        <metrics statements="0" coveredstatements="0" conditionals="0" coveredconditionals="0" methods="0" coveredmethods="0"/>
      </file>
    </package>
    <package name="ducks">
      <metrics statements="14" coveredstatements="9" conditionals="2" coveredconditionals="0" methods="6" coveredmethods="1"/>
      <file name="counter.duck.js" path="D:\IT\Hillel\Lessons\lesson_33\my-react-app\src\ducks\counter.duck.js">
        <metrics statements="8" coveredstatements="4" conditionals="2" coveredconditionals="0" methods="4" coveredmethods="0"/>
        <line num="3" count="1" type="stmt"/>
        <line num="6" count="1" type="stmt"/>
        <line num="11" count="0" type="stmt"/>
        <line num="14" count="0" type="cond" truecount="0" falsecount="2"/>
        <line num="17" count="0" type="stmt"/>
        <line num="21" count="0" type="stmt"/>
        <line num="25" count="1" type="stmt"/>
        <line num="26" count="1" type="stmt"/>
      </file>
      <file name="todo.duck.js" path="D:\IT\Hillel\Lessons\lesson_33\my-react-app\src\ducks\todo.duck.js">
        <metrics statements="6" coveredstatements="5" conditionals="0" coveredconditionals="0" methods="2" coveredmethods="1"/>
        <line num="3" count="1" type="stmt"/>
        <line num="6" count="1" type="stmt"/>
        <line num="11" count="0" type="stmt"/>
        <line num="15" count="4" type="stmt"/>
        <line num="18" count="1" type="stmt"/>
        <line num="19" count="1" type="stmt"/>
      </file>
    </package>
    <package name="pages.Todos">
      <metrics statements="14" coveredstatements="6" conditionals="4" coveredconditionals="1" methods="8" coveredmethods="4"/>
      <file name="index.jsx" path="D:\IT\Hillel\Lessons\lesson_33\my-react-app\src\pages\Todos\index.jsx">
        <metrics statements="14" coveredstatements="6" conditionals="4" coveredconditionals="1" methods="8" coveredmethods="4"/>
        <line num="9" count="1" type="stmt"/>
        <line num="10" count="1" type="stmt"/>
        <line num="13" count="0" type="cond" truecount="0" falsecount="2"/>
        <line num="15" count="0" type="stmt"/>
        <line num="19" count="0" type="stmt"/>
        <line num="22" count="1" type="stmt"/>
        <line num="24" count="1" type="stmt"/>
        <line num="26" count="1" type="stmt"/>
        <line num="30" count="0" type="stmt"/>
        <line num="31" count="0" type="stmt"/>
        <line num="32" count="0" type="stmt"/>
        <line num="33" count="0" type="stmt"/>
        <line num="49" count="0" type="stmt"/>
        <line num="58" count="1" type="stmt"/>
      </file>
    </package>
    <package name="services">
      <metrics statements="1" coveredstatements="1" conditionals="0" coveredconditionals="0" methods="0" coveredmethods="0"/>
      <file name="formData.js" path="D:\IT\Hillel\Lessons\lesson_33\my-react-app\src\services\formData.js">
        <metrics statements="1" coveredstatements="1" conditionals="0" coveredconditionals="0" methods="0" coveredmethods="0"/>
        <line num="3" count="1" type="stmt"/>
      </file>
      <file name="index.js" path="D:\IT\Hillel\Lessons\lesson_33\my-react-app\src\services\index.js">
        <metrics statements="0" coveredstatements="0" conditionals="0" coveredconditionals="0" methods="0" coveredmethods="0"/>
      </file>
    </package>
    <package name="store">
      <metrics statements="1" coveredstatements="1" conditionals="0" coveredconditionals="0" methods="0" coveredmethods="0"/>
      <file name="index.js" path="D:\IT\Hillel\Lessons\lesson_33\my-react-app\src\store\index.js">
        <metrics statements="0" coveredstatements="0" conditionals="0" coveredconditionals="0" methods="0" coveredmethods="0"/>
      </file>
      <file name="store.js" path="D:\IT\Hillel\Lessons\lesson_33\my-react-app\src\store\store.js">
        <metrics statements="1" coveredstatements="1" conditionals="0" coveredconditionals="0" methods="0" coveredmethods="0"/>
        <line num="5" count="1" type="stmt"/>
      </file>
    </package>
  </project>
</coverage>
