{"D:\\IT\\Hillel\\Lessons\\lesson_33\\my-react-app\\src\\components\\index.js": {"path":"D:\\IT\\Hillel\\Lessons\\lesson_33\\my-react-app\\src\\components\\index.js","statementMap":{},"fnMap":{},"branchMap":{},"s":{},"f":{},"b":{},"_coverageSchema":"1a1c01bbd47fc00a2c39e90264f33305004495a9","hash":"696f96825e6593c51e290d780381678c914888e4"}
,"D:\\IT\\Hillel\\Lessons\\lesson_33\\my-react-app\\src\\components\\ErrorBoundary\\ErrorBoundary.jsx": {"path":"D:\\IT\\Hillel\\Lessons\\lesson_33\\my-react-app\\src\\components\\ErrorBoundary\\ErrorBoundary.jsx","statementMap":{"0":{"start":{"line":4,"column":12},"end":{"line":6,"column":5}},"1":{"start":{"line":8,"column":8},"end":{"line":8,"column":25}},"2":{"start":{"line":11,"column":26},"end":{"line":11,"column":36}},"3":{"start":{"line":13,"column":8},"end":{"line":20,"column":9}},"4":{"start":{"line":14,"column":12},"end":{"line":19,"column":14}},"5":{"start":{"line":21,"column":8},"end":{"line":21,"column":35}}},"fnMap":{"0":{"name":"(anonymous_0)","decl":{"start":{"line":7,"column":4},"end":{"line":7,"column":5}},"loc":{"start":{"line":7,"column":43},"end":{"line":9,"column":5}},"line":7},"1":{"name":"(anonymous_1)","decl":{"start":{"line":10,"column":4},"end":{"line":10,"column":5}},"loc":{"start":{"line":10,"column":13},"end":{"line":22,"column":5}},"line":10}},"branchMap":{"0":{"loc":{"start":{"line":13,"column":8},"end":{"line":20,"column":9}},"type":"if","locations":[{"start":{"line":13,"column":8},"end":{"line":20,"column":9}},{"start":{},"end":{}}],"line":13}},"s":{"0":0,"1":0,"2":0,"3":0,"4":0,"5":0},"f":{"0":0,"1":0},"b":{"0":[0,0]},"_coverageSchema":"1a1c01bbd47fc00a2c39e90264f33305004495a9","hash":"3bdfd689b64c5a016bf8ea32f4a9d8a7b56cbefe"}
,"D:\\IT\\Hillel\\Lessons\\lesson_33\\my-react-app\\src\\components\\ErrorBoundary\\index.js": {"path":"D:\\IT\\Hillel\\Lessons\\lesson_33\\my-react-app\\src\\components\\ErrorBoundary\\index.js","statementMap":{},"fnMap":{},"branchMap":{},"s":{},"f":{},"b":{},"_coverageSchema":"1a1c01bbd47fc00a2c39e90264f33305004495a9","hash":"62c3961203ddfe1234fc2125e477e1f0578f0fc5"}
,"D:\\IT\\Hillel\\Lessons\\lesson_33\\my-react-app\\src\\components\\Footer\\Footer.jsx": {"path":"D:\\IT\\Hillel\\Lessons\\lesson_33\\my-react-app\\src\\components\\Footer\\Footer.jsx","statementMap":{"0":{"start":{"line":5,"column":18},"end":{"line":5,"column":41}},"1":{"start":{"line":7,"column":4},"end":{"line":11,"column":5}}},"fnMap":{"0":{"name":"Footer","decl":{"start":{"line":4,"column":16},"end":{"line":4,"column":22}},"loc":{"start":{"line":4,"column":25},"end":{"line":12,"column":1}},"line":4}},"branchMap":{},"s":{"0":1,"1":1},"f":{"0":1},"b":{},"_coverageSchema":"1a1c01bbd47fc00a2c39e90264f33305004495a9","hash":"09a8c7921a38fdfea073bba4c1a6931d3b73fb14"}
,"D:\\IT\\Hillel\\Lessons\\lesson_33\\my-react-app\\src\\components\\Footer\\index.js": {"path":"D:\\IT\\Hillel\\Lessons\\lesson_33\\my-react-app\\src\\components\\Footer\\index.js","statementMap":{},"fnMap":{},"branchMap":{},"s":{},"f":{},"b":{},"_coverageSchema":"1a1c01bbd47fc00a2c39e90264f33305004495a9","hash":"aea76d5263cc7a95c7ce7b2901b9a150c8358522"}
,"D:\\IT\\Hillel\\Lessons\\lesson_33\\my-react-app\\src\\components\\Header\\Header.jsx": {"path":"D:\\IT\\Hillel\\Lessons\\lesson_33\\my-react-app\\src\\components\\Header\\Header.jsx","statementMap":{"0":{"start":{"line":4,"column":4},"end":{"line":8,"column":5}}},"fnMap":{"0":{"name":"Header","decl":{"start":{"line":3,"column":16},"end":{"line":3,"column":22}},"loc":{"start":{"line":3,"column":25},"end":{"line":9,"column":1}},"line":3}},"branchMap":{},"s":{"0":1},"f":{"0":1},"b":{},"_coverageSchema":"1a1c01bbd47fc00a2c39e90264f33305004495a9","hash":"852f703ea37003c87f479a8e0e8d2518a7e831f6"}
,"D:\\IT\\Hillel\\Lessons\\lesson_33\\my-react-app\\src\\components\\Header\\index.js": {"path":"D:\\IT\\Hillel\\Lessons\\lesson_33\\my-react-app\\src\\components\\Header\\index.js","statementMap":{},"fnMap":{},"branchMap":{},"s":{},"f":{},"b":{},"_coverageSchema":"1a1c01bbd47fc00a2c39e90264f33305004495a9","hash":"4f7c5ba36b7876f8e09e4cf2089d1667c41b5abb"}
,"D:\\IT\\Hillel\\Lessons\\lesson_33\\my-react-app\\src\\components\\Header\\Navigation\\Navigation.jsx": {"path":"D:\\IT\\Hillel\\Lessons\\lesson_33\\my-react-app\\src\\components\\Header\\Navigation\\Navigation.jsx","statementMap":{"0":{"start":{"line":5,"column":38},"end":{"line":5,"column":43}},"1":{"start":{"line":7,"column":4},"end":{"line":32,"column":6}},"2":{"start":{"line":14,"column":28},"end":{"line":14,"column":72}},"3":{"start":{"line":24,"column":28},"end":{"line":24,"column":72}}},"fnMap":{"0":{"name":"Navigation","decl":{"start":{"line":4,"column":16},"end":{"line":4,"column":26}},"loc":{"start":{"line":4,"column":29},"end":{"line":33,"column":1}},"line":4},"1":{"name":"(anonymous_1)","decl":{"start":{"line":13,"column":35},"end":{"line":13,"column":36}},"loc":{"start":{"line":14,"column":28},"end":{"line":14,"column":72}},"line":14},"2":{"name":"(anonymous_2)","decl":{"start":{"line":23,"column":35},"end":{"line":23,"column":36}},"loc":{"start":{"line":24,"column":28},"end":{"line":24,"column":72}},"line":24}},"branchMap":{"0":{"loc":{"start":{"line":14,"column":28},"end":{"line":14,"column":72}},"type":"cond-expr","locations":[{"start":{"line":14,"column":39},"end":{"line":14,"column":45}},{"start":{"line":14,"column":48},"end":{"line":14,"column":72}}],"line":14},"1":{"loc":{"start":{"line":14,"column":48},"end":{"line":14,"column":72}},"type":"cond-expr","locations":[{"start":{"line":14,"column":60},"end":{"line":14,"column":67}},{"start":{"line":14,"column":70},"end":{"line":14,"column":72}}],"line":14},"2":{"loc":{"start":{"line":24,"column":28},"end":{"line":24,"column":72}},"type":"cond-expr","locations":[{"start":{"line":24,"column":39},"end":{"line":24,"column":45}},{"start":{"line":24,"column":48},"end":{"line":24,"column":72}}],"line":24},"3":{"loc":{"start":{"line":24,"column":48},"end":{"line":24,"column":72}},"type":"cond-expr","locations":[{"start":{"line":24,"column":60},"end":{"line":24,"column":67}},{"start":{"line":24,"column":70},"end":{"line":24,"column":72}}],"line":24}},"s":{"0":2,"1":2,"2":2,"3":2},"f":{"0":2,"1":2,"2":2},"b":{"0":[2,0],"1":[0,0],"2":[0,2],"3":[0,2]},"_coverageSchema":"1a1c01bbd47fc00a2c39e90264f33305004495a9","hash":"ae1525638a8713141ca80070d03bb667e0fe3eea"}
,"D:\\IT\\Hillel\\Lessons\\lesson_33\\my-react-app\\src\\components\\Header\\Navigation\\index.js": {"path":"D:\\IT\\Hillel\\Lessons\\lesson_33\\my-react-app\\src\\components\\Header\\Navigation\\index.js","statementMap":{},"fnMap":{},"branchMap":{},"s":{},"f":{},"b":{},"_coverageSchema":"1a1c01bbd47fc00a2c39e90264f33305004495a9","hash":"215352797934597255858b4f0bb12af3b6751709"}
,"D:\\IT\\Hillel\\Lessons\\lesson_33\\my-react-app\\src\\components\\Loader\\Loader.jsx": {"path":"D:\\IT\\Hillel\\Lessons\\lesson_33\\my-react-app\\src\\components\\Loader\\Loader.jsx","statementMap":{"0":{"start":{"line":2,"column":4},"end":{"line":6,"column":5}}},"fnMap":{"0":{"name":"Loader","decl":{"start":{"line":1,"column":16},"end":{"line":1,"column":22}},"loc":{"start":{"line":1,"column":25},"end":{"line":7,"column":1}},"line":1}},"branchMap":{},"s":{"0":0},"f":{"0":0},"b":{},"_coverageSchema":"1a1c01bbd47fc00a2c39e90264f33305004495a9","hash":"5f746abd93e07d2922d5a25270da5005e3fd6594"}
,"D:\\IT\\Hillel\\Lessons\\lesson_33\\my-react-app\\src\\components\\Loader\\index.js": {"path":"D:\\IT\\Hillel\\Lessons\\lesson_33\\my-react-app\\src\\components\\Loader\\index.js","statementMap":{},"fnMap":{},"branchMap":{},"s":{},"f":{},"b":{},"_coverageSchema":"1a1c01bbd47fc00a2c39e90264f33305004495a9","hash":"a2a6ee2a4aef628b9b50bd9ed85ffd4d37e7d699"}
,"D:\\IT\\Hillel\\Lessons\\lesson_33\\my-react-app\\src\\components\\PageLayout\\PageLayout.jsx": {"path":"D:\\IT\\Hillel\\Lessons\\lesson_33\\my-react-app\\src\\components\\PageLayout\\PageLayout.jsx","statementMap":{"0":{"start":{"line":4,"column":25},"end":{"line":4,"column":29}},"1":{"start":{"line":5,"column":23},"end":{"line":5,"column":27}},"2":{"start":{"line":6,"column":25},"end":{"line":6,"column":29}},"3":{"start":{"line":8,"column":48},"end":{"line":8,"column":53}},"4":{"start":{"line":10,"column":4},"end":{"line":16,"column":5}}},"fnMap":{"0":{"name":"PageLayout","decl":{"start":{"line":3,"column":16},"end":{"line":3,"column":26}},"loc":{"start":{"line":7,"column":3},"end":{"line":17,"column":1}},"line":7},"1":{"name":"(anonymous_1)","decl":{"start":{"line":4,"column":19},"end":{"line":4,"column":20}},"loc":{"start":{"line":4,"column":25},"end":{"line":4,"column":29}},"line":4},"2":{"name":"(anonymous_2)","decl":{"start":{"line":5,"column":17},"end":{"line":5,"column":18}},"loc":{"start":{"line":5,"column":23},"end":{"line":5,"column":27}},"line":5},"3":{"name":"(anonymous_3)","decl":{"start":{"line":6,"column":19},"end":{"line":6,"column":20}},"loc":{"start":{"line":6,"column":25},"end":{"line":6,"column":29}},"line":6}},"branchMap":{"0":{"loc":{"start":{"line":4,"column":4},"end":{"line":4,"column":29}},"type":"default-arg","locations":[{"start":{"line":4,"column":19},"end":{"line":4,"column":29}}],"line":4},"1":{"loc":{"start":{"line":5,"column":4},"end":{"line":5,"column":27}},"type":"default-arg","locations":[{"start":{"line":5,"column":17},"end":{"line":5,"column":27}}],"line":5},"2":{"loc":{"start":{"line":6,"column":4},"end":{"line":6,"column":29}},"type":"default-arg","locations":[{"start":{"line":6,"column":19},"end":{"line":6,"column":29}}],"line":6}},"s":{"0":0,"1":0,"2":0,"3":1,"4":1},"f":{"0":1,"1":0,"2":0,"3":0},"b":{"0":[0],"1":[0],"2":[0]},"_coverageSchema":"1a1c01bbd47fc00a2c39e90264f33305004495a9","hash":"71b79a205796f9e54f7a29e16d1ff0aa280cbce2"}
,"D:\\IT\\Hillel\\Lessons\\lesson_33\\my-react-app\\src\\components\\PageLayout\\index.js": {"path":"D:\\IT\\Hillel\\Lessons\\lesson_33\\my-react-app\\src\\components\\PageLayout\\index.js","statementMap":{},"fnMap":{},"branchMap":{},"s":{},"f":{},"b":{},"_coverageSchema":"1a1c01bbd47fc00a2c39e90264f33305004495a9","hash":"bf2ce9b30008c93e5300fa7a879d04581472dcc5"}
,"D:\\IT\\Hillel\\Lessons\\lesson_33\\my-react-app\\src\\ducks\\counter.duck.js": {"path":"D:\\IT\\Hillel\\Lessons\\lesson_33\\my-react-app\\src\\ducks\\counter.duck.js","statementMap":{"0":{"start":{"line":3,"column":21},"end":{"line":5,"column":1}},"1":{"start":{"line":6,"column":21},"end":{"line":23,"column":2}},"2":{"start":{"line":11,"column":12},"end":{"line":11,"column":41}},"3":{"start":{"line":14,"column":12},"end":{"line":14,"column":73}},"4":{"start":{"line":17,"column":12},"end":{"line":17,"column":44}},"5":{"start":{"line":21,"column":34},"end":{"line":21,"column":45}},"6":{"start":{"line":25,"column":51},"end":{"line":25,"column":71}},"7":{"start":{"line":26,"column":33},"end":{"line":26,"column":55}}},"fnMap":{"0":{"name":"(anonymous_0)","decl":{"start":{"line":10,"column":21},"end":{"line":10,"column":22}},"loc":{"start":{"line":10,"column":32},"end":{"line":12,"column":9}},"line":10},"1":{"name":"(anonymous_1)","decl":{"start":{"line":13,"column":21},"end":{"line":13,"column":22}},"loc":{"start":{"line":13,"column":32},"end":{"line":15,"column":9}},"line":13},"2":{"name":"(anonymous_2)","decl":{"start":{"line":16,"column":15},"end":{"line":16,"column":16}},"loc":{"start":{"line":16,"column":26},"end":{"line":18,"column":9}},"line":16},"3":{"name":"(anonymous_3)","decl":{"start":{"line":21,"column":23},"end":{"line":21,"column":24}},"loc":{"start":{"line":21,"column":34},"end":{"line":21,"column":45}},"line":21}},"branchMap":{"0":{"loc":{"start":{"line":14,"column":12},"end":{"line":14,"column":73}},"type":"cond-expr","locations":[{"start":{"line":14,"column":30},"end":{"line":14,"column":59}},{"start":{"line":14,"column":62},"end":{"line":14,"column":73}}],"line":14}},"s":{"0":1,"1":1,"2":0,"3":0,"4":0,"5":0,"6":1,"7":1},"f":{"0":0,"1":0,"2":0,"3":0},"b":{"0":[0,0]},"_coverageSchema":"1a1c01bbd47fc00a2c39e90264f33305004495a9","hash":"a331f46af7514e1278dfc172ff25684cd13d3c1c"}
,"D:\\IT\\Hillel\\Lessons\\lesson_33\\my-react-app\\src\\ducks\\todo.duck.js": {"path":"D:\\IT\\Hillel\\Lessons\\lesson_33\\my-react-app\\src\\ducks\\todo.duck.js","statementMap":{"0":{"start":{"line":3,"column":21},"end":{"line":5,"column":1}},"1":{"start":{"line":6,"column":18},"end":{"line":17,"column":2}},"2":{"start":{"line":11,"column":12},"end":{"line":11,"column":41}},"3":{"start":{"line":15,"column":31},"end":{"line":15,"column":45}},"4":{"start":{"line":18,"column":30},"end":{"line":18,"column":49}},"5":{"start":{"line":19,"column":53},"end":{"line":19,"column":70}}},"fnMap":{"0":{"name":"(anonymous_0)","decl":{"start":{"line":10,"column":17},"end":{"line":10,"column":18}},"loc":{"start":{"line":10,"column":39},"end":{"line":12,"column":9}},"line":10},"1":{"name":"(anonymous_1)","decl":{"start":{"line":15,"column":20},"end":{"line":15,"column":21}},"loc":{"start":{"line":15,"column":31},"end":{"line":15,"column":45}},"line":15}},"branchMap":{},"s":{"0":1,"1":1,"2":0,"3":4,"4":1,"5":1},"f":{"0":0,"1":4},"b":{},"_coverageSchema":"1a1c01bbd47fc00a2c39e90264f33305004495a9","hash":"3bd0294776a9502904d1f12904dd187ce24df812"}
,"D:\\IT\\Hillel\\Lessons\\lesson_33\\my-react-app\\src\\pages\\Todos\\index.jsx": {"path":"D:\\IT\\Hillel\\Lessons\\lesson_33\\my-react-app\\src\\pages\\Todos\\index.jsx","statementMap":{"0":{"start":{"line":9,"column":21},"end":{"line":9,"column":34}},"1":{"start":{"line":10,"column":18},"end":{"line":10,"column":41}},"2":{"start":{"line":13,"column":8},"end":{"line":13,"column":43}},"3":{"start":{"line":13,"column":36},"end":{"line":13,"column":43}},"4":{"start":{"line":15,"column":21},"end":{"line":18,"column":9}},"5":{"start":{"line":19,"column":8},"end":{"line":19,"column":32}},"6":{"start":{"line":22,"column":4},"end":{"line":60,"column":5}},"7":{"start":{"line":24,"column":32},"end":{"line":24,"column":42}},"8":{"start":{"line":26,"column":16},"end":{"line":56,"column":22}},"9":{"start":{"line":30,"column":28},"end":{"line":34,"column":36}},"10":{"start":{"line":31,"column":32},"end":{"line":31,"column":54}},"11":{"start":{"line":32,"column":32},"end":{"line":32,"column":57}},"12":{"start":{"line":33,"column":32},"end":{"line":33,"column":66}},"13":{"start":{"line":49,"column":36},"end":{"line":51,"column":41}},"14":{"start":{"line":58,"column":32},"end":{"line":58,"column":42}}},"fnMap":{"0":{"name":"TodosPage","decl":{"start":{"line":8,"column":16},"end":{"line":8,"column":25}},"loc":{"start":{"line":8,"column":28},"end":{"line":61,"column":1}},"line":8},"1":{"name":"submitHandler","decl":{"start":{"line":12,"column":13},"end":{"line":12,"column":26}},"loc":{"start":{"line":12,"column":34},"end":{"line":20,"column":5}},"line":12},"2":{"name":"(anonymous_2)","decl":{"start":{"line":24,"column":26},"end":{"line":24,"column":27}},"loc":{"start":{"line":24,"column":32},"end":{"line":24,"column":42}},"line":24},"3":{"name":"(anonymous_3)","decl":{"start":{"line":25,"column":24},"end":{"line":25,"column":25}},"loc":{"start":{"line":26,"column":16},"end":{"line":56,"column":22}},"line":26},"4":{"name":"(anonymous_4)","decl":{"start":{"line":29,"column":34},"end":{"line":29,"column":35}},"loc":{"start":{"line":29,"column":60},"end":{"line":35,"column":25}},"line":29},"5":{"name":"(anonymous_5)","decl":{"start":{"line":30,"column":39},"end":{"line":30,"column":40}},"loc":{"start":{"line":30,"column":45},"end":{"line":34,"column":29}},"line":30},"6":{"name":"(anonymous_6)","decl":{"start":{"line":48,"column":43},"end":{"line":48,"column":44}},"loc":{"start":{"line":49,"column":36},"end":{"line":51,"column":41}},"line":49},"7":{"name":"(anonymous_7)","decl":{"start":{"line":58,"column":26},"end":{"line":58,"column":27}},"loc":{"start":{"line":58,"column":32},"end":{"line":58,"column":42}},"line":58}},"branchMap":{"0":{"loc":{"start":{"line":13,"column":8},"end":{"line":13,"column":43}},"type":"if","locations":[{"start":{"line":13,"column":8},"end":{"line":13,"column":43}},{"start":{},"end":{}}],"line":13},"1":{"loc":{"start":{"line":45,"column":21},"end":{"line":55,"column":21}},"type":"binary-expr","locations":[{"start":{"line":45,"column":21},"end":{"line":45,"column":37}},{"start":{"line":46,"column":24},"end":{"line":54,"column":27}}],"line":45}},"s":{"0":1,"1":1,"2":0,"3":0,"4":0,"5":0,"6":1,"7":1,"8":1,"9":0,"10":0,"11":0,"12":0,"13":0,"14":1},"f":{"0":1,"1":0,"2":1,"3":1,"4":0,"5":0,"6":0,"7":1},"b":{"0":[0,0],"1":[1,0]},"_coverageSchema":"1a1c01bbd47fc00a2c39e90264f33305004495a9","hash":"7103bbaa59163c8cc0a3fcfaff9dda41896462d4"}
,"D:\\IT\\Hillel\\Lessons\\lesson_33\\my-react-app\\src\\services\\formData.js": {"path":"D:\\IT\\Hillel\\Lessons\\lesson_33\\my-react-app\\src\\services\\formData.js","statementMap":{"0":{"start":{"line":3,"column":27},"end":{"line":8,"column":2}}},"fnMap":{},"branchMap":{},"s":{"0":1},"f":{},"b":{},"_coverageSchema":"1a1c01bbd47fc00a2c39e90264f33305004495a9","hash":"afa27fa6e26733665357f3f2155e6e93d4081a8d"}
,"D:\\IT\\Hillel\\Lessons\\lesson_33\\my-react-app\\src\\services\\index.js": {"path":"D:\\IT\\Hillel\\Lessons\\lesson_33\\my-react-app\\src\\services\\index.js","statementMap":{},"fnMap":{},"branchMap":{},"s":{},"f":{},"b":{},"_coverageSchema":"1a1c01bbd47fc00a2c39e90264f33305004495a9","hash":"15d62b7e80e7ffa27418b77946b702a7c9bf236c"}
,"D:\\IT\\Hillel\\Lessons\\lesson_33\\my-react-app\\src\\store\\index.js": {"path":"D:\\IT\\Hillel\\Lessons\\lesson_33\\my-react-app\\src\\store\\index.js","statementMap":{},"fnMap":{},"branchMap":{},"s":{},"f":{},"b":{},"_coverageSchema":"1a1c01bbd47fc00a2c39e90264f33305004495a9","hash":"fe36472eef0d9fdaf3751957dfa13abc0b00ce3c"}
,"D:\\IT\\Hillel\\Lessons\\lesson_33\\my-react-app\\src\\store\\store.js": {"path":"D:\\IT\\Hillel\\Lessons\\lesson_33\\my-react-app\\src\\store\\store.js","statementMap":{"0":{"start":{"line":5,"column":21},"end":{"line":10,"column":2}}},"fnMap":{},"branchMap":{},"s":{"0":1},"f":{},"b":{},"_coverageSchema":"1a1c01bbd47fc00a2c39e90264f33305004495a9","hash":"abb9c7ab9e8b58846ab5394c184401107ecb1c93"}
}
