{"D:\\IT\\Hillel\\Lessons\\lesson_33\\my-react-app\\src\\components\\Header\\Navigation\\Navigation.jsx": {"path":"D:\\IT\\Hillel\\Lessons\\lesson_33\\my-react-app\\src\\components\\Header\\Navigation\\Navigation.jsx","statementMap":{"0":{"start":{"line":5,"column":38},"end":{"line":5,"column":43}},"1":{"start":{"line":7,"column":4},"end":{"line":42,"column":6}},"2":{"start":{"line":14,"column":28},"end":{"line":14,"column":72}},"3":{"start":{"line":24,"column":28},"end":{"line":24,"column":72}},"4":{"start":{"line":34,"column":28},"end":{"line":34,"column":72}}},"fnMap":{"0":{"name":"Navigation","decl":{"start":{"line":4,"column":16},"end":{"line":4,"column":26}},"loc":{"start":{"line":4,"column":41},"end":{"line":43,"column":1}},"line":4},"1":{"name":"(anonymous_1)","decl":{"start":{"line":13,"column":35},"end":{"line":13,"column":36}},"loc":{"start":{"line":14,"column":28},"end":{"line":14,"column":72}},"line":14},"2":{"name":"(anonymous_2)","decl":{"start":{"line":23,"column":35},"end":{"line":23,"column":36}},"loc":{"start":{"line":24,"column":28},"end":{"line":24,"column":72}},"line":24},"3":{"name":"(anonymous_3)","decl":{"start":{"line":33,"column":35},"end":{"line":33,"column":36}},"loc":{"start":{"line":34,"column":28},"end":{"line":34,"column":72}},"line":34}},"branchMap":{"0":{"loc":{"start":{"line":14,"column":28},"end":{"line":14,"column":72}},"type":"cond-expr","locations":[{"start":{"line":14,"column":39},"end":{"line":14,"column":45}},{"start":{"line":14,"column":48},"end":{"line":14,"column":72}}],"line":14},"1":{"loc":{"start":{"line":14,"column":48},"end":{"line":14,"column":72}},"type":"cond-expr","locations":[{"start":{"line":14,"column":60},"end":{"line":14,"column":67}},{"start":{"line":14,"column":70},"end":{"line":14,"column":72}}],"line":14},"2":{"loc":{"start":{"line":24,"column":28},"end":{"line":24,"column":72}},"type":"cond-expr","locations":[{"start":{"line":24,"column":39},"end":{"line":24,"column":45}},{"start":{"line":24,"column":48},"end":{"line":24,"column":72}}],"line":24},"3":{"loc":{"start":{"line":24,"column":48},"end":{"line":24,"column":72}},"type":"cond-expr","locations":[{"start":{"line":24,"column":60},"end":{"line":24,"column":67}},{"start":{"line":24,"column":70},"end":{"line":24,"column":72}}],"line":24},"4":{"loc":{"start":{"line":34,"column":28},"end":{"line":34,"column":72}},"type":"cond-expr","locations":[{"start":{"line":34,"column":39},"end":{"line":34,"column":45}},{"start":{"line":34,"column":48},"end":{"line":34,"column":72}}],"line":34},"5":{"loc":{"start":{"line":34,"column":48},"end":{"line":34,"column":72}},"type":"cond-expr","locations":[{"start":{"line":34,"column":60},"end":{"line":34,"column":67}},{"start":{"line":34,"column":70},"end":{"line":34,"column":72}}],"line":34}},"s":{"0":1,"1":1,"2":1,"3":1,"4":1},"f":{"0":1,"1":1,"2":1,"3":1},"b":{"0":[1,0],"1":[0,0],"2":[0,1],"3":[0,1],"4":[0,1],"5":[0,1]},"_coverageSchema":"1a1c01bbd47fc00a2c39e90264f33305004495a9","hash":"4b15f7a87b1d99dd8268e981858cf08ec9bfe23c"}
,"D:\\IT\\Hillel\\Lessons\\lesson_33\\my-react-app\\src\\components\\Header\\Navigation\\index.js": {"path":"D:\\IT\\Hillel\\Lessons\\lesson_33\\my-react-app\\src\\components\\Header\\Navigation\\index.js","statementMap":{},"fnMap":{},"branchMap":{},"s":{},"f":{},"b":{},"_coverageSchema":"1a1c01bbd47fc00a2c39e90264f33305004495a9","hash":"215352797934597255858b4f0bb12af3b6751709"}
}
