TN:
SF:src\components\index.js
FNF:0
FNH:0
LF:0
LH:0
BRF:0
BRH:0
end_of_record
TN:
SF:src\components\ErrorBoundary\ErrorBoundary.jsx
FN:7,(anonymous_0)
FN:10,(anonymous_1)
FNF:2
FNH:0
FNDA:0,(anonymous_0)
FNDA:0,(anonymous_1)
DA:4,0
DA:8,0
DA:11,0
DA:13,0
DA:14,0
DA:21,0
LF:6
LH:0
BRDA:13,0,0,0
BRDA:13,0,1,0
BRF:2
BRH:0
end_of_record
TN:
SF:src\components\ErrorBoundary\index.js
FNF:0
FNH:0
LF:0
LH:0
BRF:0
BRH:0
end_of_record
TN:
SF:src\components\Footer\Footer.jsx
FN:3,Footer
FNF:1
FNH:1
FNDA:8,Footer
DA:5,8
DA:7,8
LF:2
LH:2
BRF:0
BRH:0
end_of_record
TN:
SF:src\components\Footer\index.js
FNF:0
FNH:0
LF:0
LH:0
BRF:0
BRH:0
end_of_record
TN:
SF:src\components\Header\Header.jsx
FN:6,Header
FNF:1
FNH:1
FNDA:8,Header
DA:7,8
DA:8,8
LF:2
LH:2
BRF:0
BRH:0
end_of_record
TN:
SF:src\components\Header\index.js
FNF:0
FNH:0
LF:0
LH:0
BRF:0
BRH:0
end_of_record
TN:
SF:src\components\Header\ButtonTheme\ButtonTheme.jsx
FN:5,ButtonTheme
FN:10,(anonymous_1)
FN:11,(anonymous_2)
FNF:3
FNH:1
FNDA:8,ButtonTheme
FNDA:0,(anonymous_1)
FNDA:0,(anonymous_2)
DA:6,8
DA:7,8
DA:8,8
DA:10,8
DA:11,0
DA:12,0
DA:16,8
LF:7
LH:5
BRDA:8,0,0,8
BRDA:8,0,1,0
BRDA:12,1,0,0
BRDA:12,1,1,0
BRF:4
BRH:1
end_of_record
TN:
SF:src\components\Header\ButtonTheme\index.js
FNF:0
FNH:0
LF:0
LH:0
BRF:0
BRH:0
end_of_record
TN:
SF:src\components\Header\Navigation\Navigation.jsx
FN:4,Navigation
FN:13,(anonymous_1)
FN:23,(anonymous_2)
FN:33,(anonymous_3)
FNF:4
FNH:4
FNDA:9,Navigation
FNDA:9,(anonymous_1)
FNDA:9,(anonymous_2)
FNDA:9,(anonymous_3)
DA:5,9
DA:7,9
DA:14,9
DA:24,9
DA:34,9
LF:5
LH:5
BRDA:14,0,0,9
BRDA:14,0,1,0
BRDA:14,1,0,0
BRDA:14,1,1,0
BRDA:24,2,0,0
BRDA:24,2,1,9
BRDA:24,3,0,0
BRDA:24,3,1,9
BRDA:34,4,0,0
BRDA:34,4,1,9
BRDA:34,5,0,0
BRDA:34,5,1,9
BRF:12
BRH:5
end_of_record
TN:
SF:src\components\Header\Navigation\index.js
FNF:0
FNH:0
LF:0
LH:0
BRF:0
BRH:0
end_of_record
TN:
SF:src\components\PageLayout\PageLayout.jsx
FN:5,PageLayout
FN:6,(anonymous_1)
FN:7,(anonymous_2)
FN:8,(anonymous_3)
FNF:4
FNH:1
FNDA:8,PageLayout
FNDA:0,(anonymous_1)
FNDA:0,(anonymous_2)
FNDA:0,(anonymous_3)
DA:6,0
DA:7,0
DA:8,0
DA:10,8
DA:11,8
DA:13,8
LF:6
LH:3
BRDA:6,0,0,0
BRDA:7,1,0,0
BRDA:8,2,0,0
BRF:3
BRH:0
end_of_record
TN:
SF:src\components\PageLayout\index.js
FNF:0
FNH:0
LF:0
LH:0
BRF:0
BRH:0
end_of_record
TN:
SF:src\context\index.js
FNF:0
FNH:0
LF:0
LH:0
BRF:0
BRH:0
end_of_record
TN:
SF:src\context\theme.context.jsx
FN:8,(anonymous_0)
FNF:1
FNH:0
FNDA:0,(anonymous_0)
DA:3,1
DA:4,1
DA:6,1
DA:11,1
LF:4
LH:4
BRF:0
BRH:0
end_of_record
TN:
SF:src\pages\Main\index.jsx
FN:5,MainPage
FN:10,CreateTodo
FN:14,(anonymous_2)
FN:19,addTodo
FN:29,deleteTodo
FN:30,(anonymous_5)
FN:35,(anonymous_6)
FN:36,(anonymous_7)
FN:43,(anonymous_8)
FN:49,(anonymous_9)
FNF:10
FNH:10
FNDA:8,MainPage
FNDA:2,CreateTodo
FNDA:1,(anonymous_2)
FNDA:3,addTodo
FNDA:1,deleteTodo
FNDA:1,(anonymous_5)
FNDA:8,(anonymous_6)
FNDA:8,(anonymous_7)
FNDA:2,(anonymous_8)
FNDA:8,(anonymous_9)
DA:6,8
DA:7,8
DA:8,8
DA:11,2
DA:14,1
DA:20,3
DA:21,1
DA:22,1
DA:24,2
DA:25,2
DA:26,2
DA:30,1
DA:33,8
DA:35,8
DA:37,8
DA:44,2
DA:49,8
LF:17
LH:17
BRDA:20,0,0,1
BRDA:20,0,1,2
BRDA:20,1,0,3
BRDA:20,1,1,3
BRDA:41,2,0,8
BRDA:41,2,1,1
BRF:6
BRH:6
end_of_record
