TN:
SF:src\components\index.js
FNF:0
FNH:0
LF:0
LH:0
BRF:0
BRH:0
end_of_record
TN:
SF:src\components\ErrorBoundary\ErrorBoundary.jsx
FN:7,(anonymous_0)
FN:10,(anonymous_1)
FNF:2
FNH:0
FNDA:0,(anonymous_0)
FNDA:0,(anonymous_1)
DA:4,0
DA:8,0
DA:11,0
DA:13,0
DA:14,0
DA:21,0
LF:6
LH:0
BRDA:13,0,0,0
BRDA:13,0,1,0
BRF:2
BRH:0
end_of_record
TN:
SF:src\components\ErrorBoundary\index.js
FNF:0
FNH:0
LF:0
LH:0
BRF:0
BRH:0
end_of_record
TN:
SF:src\components\Footer\Footer.jsx
FN:3,Footer
FNF:1
FNH:1
FNDA:6,Footer
DA:5,6
DA:7,6
LF:2
LH:2
BRF:0
BRH:0
end_of_record
TN:
SF:src\components\Footer\index.js
FNF:0
FNH:0
LF:0
LH:0
BRF:0
BRH:0
end_of_record
TN:
SF:src\components\Header\Header.jsx
FN:6,Header
FNF:1
FNH:1
FNDA:6,Header
DA:7,6
DA:8,6
LF:2
LH:2
BRF:0
BRH:0
end_of_record
TN:
SF:src\components\Header\index.js
FNF:0
FNH:0
LF:0
LH:0
BRF:0
BRH:0
end_of_record
TN:
SF:src\components\Header\ButtonTheme\ButtonTheme.jsx
FN:5,ButtonTheme
FN:10,(anonymous_1)
FN:11,(anonymous_2)
FNF:3
FNH:1
FNDA:6,ButtonTheme
FNDA:0,(anonymous_1)
FNDA:0,(anonymous_2)
DA:6,6
DA:7,6
DA:8,6
DA:10,6
DA:11,0
DA:12,0
DA:16,6
LF:7
LH:5
BRDA:8,0,0,6
BRDA:8,0,1,0
BRDA:12,1,0,0
BRDA:12,1,1,0
BRF:4
BRH:1
end_of_record
TN:
SF:src\components\Header\ButtonTheme\index.js
FNF:0
FNH:0
LF:0
LH:0
BRF:0
BRH:0
end_of_record
TN:
SF:src\components\Header\Navigation\Navigation.jsx
FN:4,Navigation
FN:13,(anonymous_1)
FN:23,(anonymous_2)
FN:33,(anonymous_3)
FNF:4
FNH:4
FNDA:7,Navigation
FNDA:7,(anonymous_1)
FNDA:7,(anonymous_2)
FNDA:7,(anonymous_3)
DA:5,7
DA:7,7
DA:14,7
DA:24,7
DA:34,7
LF:5
LH:5
BRDA:14,0,0,7
BRDA:14,0,1,0
BRDA:14,1,0,0
BRDA:14,1,1,0
BRDA:24,2,0,0
BRDA:24,2,1,7
BRDA:24,3,0,0
BRDA:24,3,1,7
BRDA:34,4,0,0
BRDA:34,4,1,7
BRDA:34,5,0,0
BRDA:34,5,1,7
BRF:12
BRH:5
end_of_record
TN:
SF:src\components\Header\Navigation\index.js
FNF:0
FNH:0
LF:0
LH:0
BRF:0
BRH:0
end_of_record
TN:
SF:src\components\PageLayout\PageLayout.jsx
FN:5,PageLayout
FN:6,(anonymous_1)
FN:7,(anonymous_2)
FN:8,(anonymous_3)
FNF:4
FNH:1
FNDA:6,PageLayout
FNDA:0,(anonymous_1)
FNDA:0,(anonymous_2)
FNDA:0,(anonymous_3)
DA:6,0
DA:7,0
DA:8,0
DA:10,6
DA:11,6
DA:13,6
LF:6
LH:3
BRDA:6,0,0,0
BRDA:7,1,0,0
BRDA:8,2,0,0
BRF:3
BRH:0
end_of_record
TN:
SF:src\components\PageLayout\index.js
FNF:0
FNH:0
LF:0
LH:0
BRF:0
BRH:0
end_of_record
TN:
SF:src\context\index.js
FNF:0
FNH:0
LF:0
LH:0
BRF:0
BRH:0
end_of_record
TN:
SF:src\context\theme.context.jsx
FN:8,(anonymous_0)
FNF:1
FNH:0
FNDA:0,(anonymous_0)
DA:3,1
DA:4,1
DA:6,1
DA:11,1
LF:4
LH:4
BRF:0
BRH:0
end_of_record
TN:
SF:src\pages\Main\index.jsx
FN:5,MainPage
FN:9,CreateTodo
FN:13,(anonymous_2)
FN:18,addTodo
FN:24,deleteTodo
FN:25,(anonymous_5)
FN:30,(anonymous_6)
FN:31,(anonymous_7)
FN:37,(anonymous_8)
FN:43,(anonymous_9)
FNF:10
FNH:10
FNDA:6,MainPage
FNDA:2,CreateTodo
FNDA:1,(anonymous_2)
FNDA:2,addTodo
FNDA:1,deleteTodo
FNDA:1,(anonymous_5)
FNDA:6,(anonymous_6)
FNDA:6,(anonymous_7)
FNDA:2,(anonymous_8)
FNDA:6,(anonymous_9)
DA:6,6
DA:7,6
DA:10,2
DA:13,1
DA:19,2
DA:20,2
DA:21,2
DA:25,1
DA:28,6
DA:30,6
DA:32,6
DA:38,2
DA:43,6
LF:13
LH:13
BRDA:19,0,0,0
BRDA:19,0,1,2
BRDA:19,1,0,2
BRDA:19,1,1,2
BRF:4
BRH:3
end_of_record
